{"level":"info","message":"Received event: PostCreated"}
{"level":"info","message":"Successfully added a post with id: 79f3ce91"}
{"level":"info","message":"Received event: PostDeleted"}
{"level":"info","message":"Successfully deleted a post with id: 79f3ce91"}
{"level":"info","message":"Received event: PostDeleted"}
{"level":"error","message":"Failure deleting a post: Request failed with status code 404 or Post Not Found"}
{"level":"info","message":"Received event: Invalid Event"}
{"level":"info","message":"Received event: PostDeleted"}
{"level":"info","message":"Successfully deleted a post with id: e0f87ffd"}
{"level":"info","message":"Received event: PostCreated"}
{"level":"info","message":"Successfully added a post with id: 1d08f2e0"}
{"level":"info","message":"Received event: PostDeleted"}
{"level":"info","message":"Successfully deleted a post with id: 1d08f2e0"}
{"level":"info","message":"Received event: PostCreated"}
{"level":"info","message":"Successfully added a post with id: 831bb351"}
{"level":"info","message":"Received event: CommentCreated"}
{"level":"info","message":"Received event: CommentCreated"}
{"level":"info","message":"Received event: CommentUpdated"}
{"level":"info","message":"Received event: CommentUpdated"}
{"level":"info","message":"Received event: CommentDeleted"}
{"level":"info","message":"Received event: PostDeleted"}
{"level":"info","message":"Successfully deleted a post with id: 831bb351"}
{"level":"info","message":"Received event: PostCreated"}
{"level":"info","message":"Successfully added a post with id: 8b8d2ac5"}
{"level":"info","message":"Received event: PostCreated"}
{"level":"info","message":"Successfully added a post with id: e2cc3184"}
{"level":"info","message":"Received event: PostCreated"}
{"level":"info","message":"Successfully added a post with id: 1b8f68b7"}
{"level":"info","message":"Received event: PostCreated"}
{"level":"info","message":"Successfully added a post with id: fe7b6415"}
{"level":"info","message":"Received event: PostCreated"}
{"level":"info","message":"Successfully added a post with id: e206773b"}
